<?xml version="1.0" encoding="UTF-8"?>
<testng-results skipped="0" failed="0" ignored="0" total="1" passed="1">
  <reporter-output>
  </reporter-output>
  <suite name="Suite" duration-ms="16584" started-at="2020-01-15T14:30:48 IST" finished-at="2020-01-15T14:31:05 IST">
    <groups>
    </groups>
    <test name="Test" duration-ms="16584" started-at="2020-01-15T14:30:48 IST" finished-at="2020-01-15T14:31:05 IST">
      <class name="PkgORangeHrm.BaseTest">
        <test-method status="PASS" signature="browserlaunch()[pri:0, instance:PkgORangeHrm.BaseTest@1deb50e]" name="browserlaunch" is-config="true" duration-ms="6317" started-at="2020-01-15T14:30:48 IST" finished-at="2020-01-15T14:30:54 IST">
          <reporter-output>
          </reporter-output>
        </test-method> <!-- browserlaunch -->
        <test-method status="PASS" signature="Login()[pri:0, instance:PkgORangeHrm.BaseTest@1deb50e]" name="Login" duration-ms="10190" started-at="2020-01-15T14:30:54 IST" finished-at="2020-01-15T14:31:05 IST">
          <reporter-output>
          </reporter-output>
        </test-method> <!-- Login -->
      </class> <!-- PkgORangeHrm.BaseTest -->
    </test> <!-- Test -->
  </suite> <!-- Suite -->
</testng-results>
