<?xml version="1.0" encoding="UTF-8"?>
<testng-results skipped="0" failed="0" ignored="0" total="1" passed="1">
  <reporter-output>
  </reporter-output>
  <suite name="Default suite" duration-ms="12315" started-at="2020-01-14T15:21:07 IST" finished-at="2020-01-14T15:21:19 IST">
    <groups>
    </groups>
    <test name="Default test" duration-ms="12315" started-at="2020-01-14T15:21:07 IST" finished-at="2020-01-14T15:21:19 IST">
      <class name="PkgORangeHrm.BaseTest">
        <test-method status="PASS" signature="browserlaunch()[pri:0, instance:PkgORangeHrm.BaseTest@1814d18]" name="browserlaunch" is-config="true" duration-ms="4902" started-at="2020-01-14T15:21:07 IST" finished-at="2020-01-14T15:21:12 IST">
          <reporter-output>
          </reporter-output>
        </test-method> <!-- browserlaunch -->
        <test-method status="PASS" signature="Login()[pri:0, instance:PkgORangeHrm.BaseTest@1814d18]" name="Login" duration-ms="7144" started-at="2020-01-14T15:21:12 IST" finished-at="2020-01-14T15:21:19 IST">
          <reporter-output>
          </reporter-output>
        </test-method> <!-- Login -->
      </class> <!-- PkgORangeHrm.BaseTest -->
    </test> <!-- Default test -->
  </suite> <!-- Default suite -->
</testng-results>
